# JRE version: Java(TM) SE Runtime Environment (8.0_101-b13) (build 1.8.0_101-b13)
# Java VM: Java HotSpot(TM) 64-Bit Server VM (25.101-b13 mixed mode windows-amd64 compressed oops)
Heap:
 PSYoungGen      total 201728K, used 39139K [0x0000000756500000, 0x0000000763880000, 0x00000007c0000000)
  eden space 186880K, 20% used [0x0000000756500000,0x0000000758b38ed0,0x0000000761b80000)
  from space 14848K, 0% used [0x0000000761b80000,0x0000000761b80000,0x0000000762a00000)
  to   space 13312K, 0% used [0x0000000762b80000,0x0000000762b80000,0x0000000763880000)
 ParOldGen       total 218624K, used 34205K [0x0000000682e00000, 0x0000000690380000, 0x0000000756500000)
  object space 218624K, 15% used [0x0000000682e00000,0x0000000684f67610,0x0000000690380000)
 Metaspace       used 56881K, capacity 61010K, committed 61184K, reserved 1101824K
  class space    used 7668K, capacity 8374K, committed 8448K, reserved 1048576K
GC Heap History (10 events):
Event: 6.377 GC heap before
{Heap before GC invocations=10 (full 2):
 PSYoungGen      total 201728K, used 197074K [0x0000000756500000, 0x0000000763880000, 0x00000007c0000000)
  eden space 186880K, 100% used [0x0000000756500000,0x0000000761b80000,0x0000000761b80000)
  from space 14848K, 68% used [0x0000000761b80000,0x0000000762574a00,0x0000000762a00000)
  to   space 13312K, 0% used [0x0000000762b80000,0x0000000762b80000,0x0000000763880000)
 ParOldGen       total 218624K, used 16483K [0x0000000682e00000, 0x0000000690380000, 0x0000000756500000)
  object space 218624K, 7% used [0x0000000682e00000,0x0000000683e18d40,0x0000000690380000)
 Metaspace       used 46426K, capacity 49752K, committed 50048K, reserved 1093632K
  class space    used 6160K, capacity 6746K, committed 6784K, reserved 1048576K
Event: 6.391 GC heap after
Heap after GC invocations=10 (full 2):
 PSYoungGen      total 200192K, used 13310K [0x0000000756500000, 0x0000000763880000, 0x00000007c0000000)
  eden space 186880K, 0% used [0x0000000756500000,0x0000000756500000,0x0000000761b80000)
  from space 13312K, 99% used [0x0000000762b80000,0x000000076387f9c0,0x0000000763880000)
  to   space 14848K, 0% used [0x0000000761b80000,0x0000000761b80000,0x0000000762a00000)
 ParOldGen       total 218624K, used 23629K [0x0000000682e00000, 0x0000000690380000, 0x0000000756500000)
  object space 218624K, 10% used [0x0000000682e00000,0x0000000684513560,0x0000000690380000)
 Metaspace       used 46426K, capacity 49752K, committed 50048K, reserved 1093632K
  class space    used 6160K, capacity 6746K, committed 6784K, reserved 1048576K
}
Event: 7.153 GC heap before
{Heap before GC invocations=11 (full 2):
 PSYoungGen      total 200192K, used 200190K [0x0000000756500000, 0x0000000763880000, 0x00000007c0000000)
  eden space 186880K, 100% used [0x0000000756500000,0x0000000761b80000,0x0000000761b80000)
  from space 13312K, 99% used [0x0000000762b80000,0x000000076387f9c0,0x0000000763880000)
  to   space 14848K, 0% used [0x0000000761b80000,0x0000000761b80000,0x0000000762a00000)
 ParOldGen       total 218624K, used 23629K [0x0000000682e00000, 0x0000000690380000, 0x0000000756500000)
  object space 218624K, 10% used [0x0000000682e00000,0x0000000684513560,0x0000000690380000)
 Metaspace       used 50106K, capacity 53664K, committed 53888K, reserved 1095680K
  class space    used 6625K, capacity 7250K, committed 7296K, reserved 1048576K
Event: 7.170 GC heap after
Heap after GC invocations=11 (full 2):
 PSYoungGen      total 201728K, used 14840K [0x0000000756500000, 0x0000000763880000, 0x00000007c0000000)
  eden space 186880K, 0% used [0x0000000756500000,0x0000000756500000,0x0000000761b80000)
  from space 14848K, 99% used [0x0000000761b80000,0x00000007629fe140,0x0000000762a00000)
  to   space 13312K, 0% used [0x0000000762b80000,0x0000000762b80000,0x0000000763880000)
 ParOldGen       total 218624K, used 30812K [0x0000000682e00000, 0x0000000690380000, 0x0000000756500000)
  object space 218624K, 14% used [0x0000000682e00000,0x0000000684c173f8,0x0000000690380000)
 Metaspace       used 50106K, capacity 53664K, committed 53888K, reserved 1095680K
  class space    used 6625K, capacity 7250K, committed 7296K, reserved 1048576K
}
Event: 8.132 GC heap before
{Heap before GC invocations=12 (full 2):
 PSYoungGen      total 201728K, used 201720K [0x0000000756500000, 0x0000000763880000, 0x00000007c0000000)
  eden space 186880K, 100% used [0x0000000756500000,0x0000000761b80000,0x0000000761b80000)
  from space 14848K, 99% used [0x0000000761b80000,0x00000007629fe140,0x0000000762a00000)
  to   space 13312K, 0% used [0x0000000762b80000,0x0000000762b80000,0x0000000763880000)
 ParOldGen       total 218624K, used 30812K [0x0000000682e00000, 0x0000000690380000, 0x0000000756500000)
  object space 218624K, 14% used [0x0000000682e00000,0x0000000684c173f8,0x0000000690380000)
 Metaspace       used 54380K, capacity 58300K, committed 58624K, reserved 1099776K
  class space    used 7221K, capacity 7898K, committed 7936K, reserved 1048576K
Event: 8.146 GC heap after
Heap after GC invocations=12 (full 2):
 PSYoungGen      total 200192K, used 13288K [0x0000000756500000, 0x0000000763880000, 0x00000007c0000000)
  eden space 186880K, 0% used [0x0000000756500000,0x0000000756500000,0x0000000761b80000)
  from space 13312K, 99% used [0x0000000762b80000,0x000000076387a190,0x0000000763880000)
  to   space 14848K, 0% used [0x0000000761b80000,0x0000000761b80000,0x0000000762a00000)
 ParOldGen       total 218624K, used 37304K [0x0000000682e00000, 0x0000000690380000, 0x0000000756500000)
  object space 218624K, 17% used [0x0000000682e00000,0x000000068526e270,0x0000000690380000)
 Metaspace       used 54380K, capacity 58300K, committed 58624K, reserved 1099776K
  class space    used 7221K, capacity 7898K, committed 7936K, reserved 1048576K
}
Event: 8.263 GC heap before
{Heap before GC invocations=13 (full 2):
 PSYoungGen      total 200192K, used 32359K [0x0000000756500000, 0x0000000763880000, 0x00000007c0000000)
  eden space 186880K, 10% used [0x0000000756500000,0x000000075779fc90,0x0000000761b80000)
  from space 13312K, 99% used [0x0000000762b80000,0x000000076387a190,0x0000000763880000)
  to   space 14848K, 0% used [0x0000000761b80000,0x0000000761b80000,0x0000000762a00000)
 ParOldGen       total 218624K, used 37304K [0x0000000682e00000, 0x0000000690380000, 0x0000000756500000)
  object space 218624K, 17% used [0x0000000682e00000,0x000000068526e270,0x0000000690380000)
 Metaspace       used 55210K, capacity 59100K, committed 59160K, reserved 1099776K
  class space    used 7339K, capacity 8013K, committed 8064K, reserved 1048576K
Event: 8.273 GC heap after
Heap after GC invocations=13 (full 2):
 PSYoungGen      total 201728K, used 7346K [0x0000000756500000, 0x0000000763880000, 0x00000007c0000000)
  eden space 186880K, 0% used [0x0000000756500000,0x0000000756500000,0x0000000761b80000)
  from space 14848K, 49% used [0x0000000761b80000,0x00000007622ac970,0x0000000762a00000)
  to   space 13312K, 0% used [0x0000000762b80000,0x0000000762b80000,0x0000000763880000)
 ParOldGen       total 218624K, used 44430K [0x0000000682e00000, 0x0000000690380000, 0x0000000756500000)
  object space 218624K, 20% used [0x0000000682e00000,0x0000000685963958,0x0000000690380000)
 Metaspace       used 55210K, capacity 59100K, committed 59160K, reserved 1099776K
  class space    used 7339K, capacity 8013K, committed 8064K, reserved 1048576K
}
Event: 8.273 GC heap before
{Heap before GC invocations=14 (full 3):
 PSYoungGen      total 201728K, used 7346K [0x0000000756500000, 0x0000000763880000, 0x00000007c0000000)
  eden space 186880K, 0% used [0x0000000756500000,0x0000000756500000,0x0000000761b80000)
  from space 14848K, 49% used [0x0000000761b80000,0x00000007622ac970,0x0000000762a00000)
  to   space 13312K, 0% used [0x0000000762b80000,0x0000000762b80000,0x0000000763880000)
 ParOldGen       total 218624K, used 44430K [0x0000000682e00000, 0x0000000690380000, 0x0000000756500000)
  object space 218624K, 20% used [0x0000000682e00000,0x0000000685963958,0x0000000690380000)
 Metaspace       used 55210K, capacity 59100K, committed 59160K, reserved 1099776K
  class space    used 7339K, capacity 8013K, committed 8064K, reserved 1048576K
Event: 8.410 GC heap after
Heap after GC invocations=14 (full 3):
 PSYoungGen      total 201728K, used 0K [0x0000000756500000, 0x0000000763880000, 0x00000007c0000000)
  eden space 186880K, 0% used [0x0000000756500000,0x0000000756500000,0x0000000761b80000)
  from space 14848K, 0% used [0x0000000761b80000,0x0000000761b80000,0x0000000762a00000)
  to   space 13312K, 0% used [0x0000000762b80000,0x0000000762b80000,0x0000000763880000)
 ParOldGen       total 218624K, used 34205K [0x0000000682e00000, 0x0000000690380000, 0x0000000756500000)
  object space 218624K, 15% used [0x0000000682e00000,0x0000000684f67610,0x0000000690380000)
 Metaspace       used 55210K, capacity 59100K, committed 59160K, reserved 1099776K
  class space    used 7339K, capacity 8013K, committed 8064K, reserved 1048576K
}

