# JRE version: Java(TM) SE Runtime Environment (8.0_101-b13) (build 1.8.0_101-b13)
# Java VM: Java HotSpot(TM) 64-Bit Server VM (25.101-b13 mixed mode windows-amd64 compressed oops)
Heap:
 PSYoungGen      total 246272K, used 35409K [0x0000000756500000, 0x0000000767300000, 0x00000007c0000000)
  eden space 220672K, 16% used [0x0000000756500000,0x0000000758794470,0x0000000763c80000)
  from space 25600K, 0% used [0x0000000763c80000,0x0000000763c80000,0x0000000765580000)
  to   space 21504K, 0% used [0x0000000765580000,0x0000000765580000,0x0000000766a80000)
 ParOldGen       total 140800K, used 32469K [0x0000000682e00000, 0x000000068b780000, 0x0000000756500000)
  object space 140800K, 23% used [0x0000000682e00000,0x0000000684db5488,0x000000068b780000)
 Metaspace       used 56600K, capacity 60580K, committed 60800K, reserved 1103872K
  class space    used 7623K, capacity 8295K, committed 8320K, reserved 1048576K
GC Heap History (10 events):
Event: 6.836 GC heap before
{Heap before GC invocations=10 (full 2):
 PSYoungGen      total 191488K, used 186265K [0x0000000756500000, 0x0000000762e80000, 0x00000007c0000000)
  eden space 176640K, 100% used [0x0000000756500000,0x0000000761180000,0x0000000761180000)
  from space 14848K, 64% used [0x0000000761180000,0x0000000761ae66b8,0x0000000762000000)
  to   space 14848K, 0% used [0x0000000762000000,0x0000000762000000,0x0000000762e80000)
 ParOldGen       total 140800K, used 16459K [0x0000000682e00000, 0x000000068b780000, 0x0000000756500000)
  object space 140800K, 11% used [0x0000000682e00000,0x0000000683e12cc8,0x000000068b780000)
 Metaspace       used 46235K, capacity 49544K, committed 49792K, reserved 1091584K
  class space    used 6153K, capacity 6744K, committed 6784K, reserved 1048576K
Event: 6.848 GC heap after
Heap after GC invocations=10 (full 2):
 PSYoungGen      total 188416K, used 14835K [0x0000000756500000, 0x0000000767a00000, 0x00000007c0000000)
  eden space 173568K, 0% used [0x0000000756500000,0x0000000756500000,0x0000000760e80000)
  from space 14848K, 99% used [0x0000000762000000,0x0000000762e7cd00,0x0000000762e80000)
  to   space 17920K, 0% used [0x0000000760e80000,0x0000000760e80000,0x0000000762000000)
 ParOldGen       total 140800K, used 21591K [0x0000000682e00000, 0x000000068b780000, 0x0000000756500000)
  object space 140800K, 15% used [0x0000000682e00000,0x0000000684315c90,0x000000068b780000)
 Metaspace       used 46235K, capacity 49544K, committed 49792K, reserved 1091584K
  class space    used 6153K, capacity 6744K, committed 6784K, reserved 1048576K
}
Event: 7.590 GC heap before
{Heap before GC invocations=11 (full 2):
 PSYoungGen      total 188416K, used 188403K [0x0000000756500000, 0x0000000767a00000, 0x00000007c0000000)
  eden space 173568K, 100% used [0x0000000756500000,0x0000000760e80000,0x0000000760e80000)
  from space 14848K, 99% used [0x0000000762000000,0x0000000762e7cd00,0x0000000762e80000)
  to   space 17920K, 0% used [0x0000000760e80000,0x0000000760e80000,0x0000000762000000)
 ParOldGen       total 140800K, used 21591K [0x0000000682e00000, 0x000000068b780000, 0x0000000756500000)
  object space 140800K, 15% used [0x0000000682e00000,0x0000000684315c90,0x000000068b780000)
 Metaspace       used 49501K, capacity 52932K, committed 53120K, reserved 1095680K
  class space    used 6562K, capacity 7176K, committed 7296K, reserved 1048576K
Event: 7.614 GC heap after
Heap after GC invocations=11 (full 2):
 PSYoungGen      total 191488K, used 17918K [0x0000000756500000, 0x0000000766a80000, 0x00000007c0000000)
  eden space 173568K, 0% used [0x0000000756500000,0x0000000756500000,0x0000000760e80000)
  from space 17920K, 99% used [0x0000000760e80000,0x0000000761fff9c0,0x0000000762000000)
  to   space 21504K, 0% used [0x0000000765580000,0x0000000765580000,0x0000000766a80000)
 ParOldGen       total 140800K, used 25870K [0x0000000682e00000, 0x000000068b780000, 0x0000000756500000)
  object space 140800K, 18% used [0x0000000682e00000,0x0000000684743990,0x000000068b780000)
 Metaspace       used 49501K, capacity 52932K, committed 53120K, reserved 1095680K
  class space    used 6562K, capacity 7176K, committed 7296K, reserved 1048576K
}
Event: 8.746 GC heap before
{Heap before GC invocations=12 (full 2):
 PSYoungGen      total 191488K, used 191486K [0x0000000756500000, 0x0000000766a80000, 0x00000007c0000000)
  eden space 173568K, 100% used [0x0000000756500000,0x0000000760e80000,0x0000000760e80000)
  from space 17920K, 99% used [0x0000000760e80000,0x0000000761fff9c0,0x0000000762000000)
  to   space 21504K, 0% used [0x0000000765580000,0x0000000765580000,0x0000000766a80000)
 ParOldGen       total 140800K, used 25870K [0x0000000682e00000, 0x000000068b780000, 0x0000000756500000)
  object space 140800K, 18% used [0x0000000682e00000,0x0000000684743990,0x000000068b780000)
 Metaspace       used 52075K, capacity 55884K, committed 56064K, reserved 1097728K
  class space    used 6950K, capacity 7606K, committed 7680K, reserved 1048576K
Event: 8.765 GC heap after
Heap after GC invocations=12 (full 2):
 PSYoungGen      total 242176K, used 21486K [0x0000000756500000, 0x0000000767300000, 0x00000007c0000000)
  eden space 220672K, 0% used [0x0000000756500000,0x0000000756500000,0x0000000763c80000)
  from space 21504K, 99% used [0x0000000765580000,0x0000000766a7b9e0,0x0000000766a80000)
  to   space 25600K, 0% used [0x0000000763c80000,0x0000000763c80000,0x0000000765580000)
 ParOldGen       total 140800K, used 30301K [0x0000000682e00000, 0x000000068b780000, 0x0000000756500000)
  object space 140800K, 21% used [0x0000000682e00000,0x0000000684b97668,0x000000068b780000)
 Metaspace       used 52075K, capacity 55884K, committed 56064K, reserved 1097728K
  class space    used 6950K, capacity 7606K, committed 7680K, reserved 1048576K
}
Event: 9.315 GC heap before
{Heap before GC invocations=13 (full 2):
 PSYoungGen      total 242176K, used 87073K [0x0000000756500000, 0x0000000767300000, 0x00000007c0000000)
  eden space 220672K, 29% used [0x0000000756500000,0x000000075a50cbc0,0x0000000763c80000)
  from space 21504K, 99% used [0x0000000765580000,0x0000000766a7b9e0,0x0000000766a80000)
  to   space 25600K, 0% used [0x0000000763c80000,0x0000000763c80000,0x0000000765580000)
 ParOldGen       total 140800K, used 30301K [0x0000000682e00000, 0x000000068b780000, 0x0000000756500000)
  object space 140800K, 21% used [0x0000000682e00000,0x0000000684b97668,0x000000068b780000)
 Metaspace       used 55164K, capacity 59050K, committed 59160K, reserved 1099776K
  class space    used 7338K, capacity 8016K, committed 8064K, reserved 1048576K
Event: 9.334 GC heap after
Heap after GC invocations=13 (full 2):
 PSYoungGen      total 246272K, used 23030K [0x0000000756500000, 0x0000000767300000, 0x00000007c0000000)
  eden space 220672K, 0% used [0x0000000756500000,0x0000000756500000,0x0000000763c80000)
  from space 25600K, 89% used [0x0000000763c80000,0x00000007652fda40,0x0000000765580000)
  to   space 21504K, 0% used [0x0000000765580000,0x0000000765580000,0x0000000766a80000)
 ParOldGen       total 140800K, used 30309K [0x0000000682e00000, 0x000000068b780000, 0x0000000756500000)
  object space 140800K, 21% used [0x0000000682e00000,0x0000000684b99668,0x000000068b780000)
 Metaspace       used 55164K, capacity 59050K, committed 59160K, reserved 1099776K
  class space    used 7338K, capacity 8016K, committed 8064K, reserved 1048576K
}
Event: 9.334 GC heap before
{Heap before GC invocations=14 (full 3):
 PSYoungGen      total 246272K, used 23030K [0x0000000756500000, 0x0000000767300000, 0x00000007c0000000)
  eden space 220672K, 0% used [0x0000000756500000,0x0000000756500000,0x0000000763c80000)
  from space 25600K, 89% used [0x0000000763c80000,0x00000007652fda40,0x0000000765580000)
  to   space 21504K, 0% used [0x0000000765580000,0x0000000765580000,0x0000000766a80000)
 ParOldGen       total 140800K, used 30309K [0x0000000682e00000, 0x000000068b780000, 0x0000000756500000)
  object space 140800K, 21% used [0x0000000682e00000,0x0000000684b99668,0x000000068b780000)
 Metaspace       used 55164K, capacity 59050K, committed 59160K, reserved 1099776K
  class space    used 7338K, capacity 8016K, committed 8064K, reserved 1048576K
Event: 9.465 GC heap after
Heap after GC invocations=14 (full 3):
 PSYoungGen      total 246272K, used 0K [0x0000000756500000, 0x0000000767300000, 0x00000007c0000000)
  eden space 220672K, 0% used [0x0000000756500000,0x0000000756500000,0x0000000763c80000)
  from space 25600K, 0% used [0x0000000763c80000,0x0000000763c80000,0x0000000765580000)
  to   space 21504K, 0% used [0x0000000765580000,0x0000000765580000,0x0000000766a80000)
 ParOldGen       total 140800K, used 32469K [0x0000000682e00000, 0x000000068b780000, 0x0000000756500000)
  object space 140800K, 23% used [0x0000000682e00000,0x0000000684db5488,0x000000068b780000)
 Metaspace       used 55164K, capacity 59050K, committed 59160K, reserved 1099776K
  class space    used 7338K, capacity 8016K, committed 8064K, reserved 1048576K
}

