# JRE version: Java(TM) SE Runtime Environment (8.0_101-b13) (build 1.8.0_101-b13)
# Java VM: Java HotSpot(TM) 64-Bit Server VM (25.101-b13 mixed mode windows-amd64 compressed oops)
Heap:
 PSYoungGen      total 130048K, used 49111K [0x0000000756500000, 0x000000075fb80000, 0x00000007c0000000)
  eden space 116736K, 36% used [0x0000000756500000,0x0000000758e4e5d0,0x000000075d700000)
  from space 13312K, 51% used [0x000000075d700000,0x000000075dda76e0,0x000000075e400000)
  to   space 13312K, 0% used [0x000000075e400000,0x000000075e400000,0x000000075f100000)
 ParOldGen       total 144896K, used 16787K [0x0000000682e00000, 0x000000068bb80000, 0x0000000756500000)
  object space 144896K, 11% used [0x0000000682e00000,0x0000000683e64f18,0x000000068bb80000)
 Metaspace       used 37851K, capacity 41038K, committed 41344K, reserved 1085440K
  class space    used 5140K, capacity 5677K, committed 5760K, reserved 1048576K
GC Heap History (10 events):
Event: 3.265 GC heap before
{Heap before GC invocations=5 (full 1):
 PSYoungGen      total 95232K, used 91169K [0x0000000756500000, 0x000000075f100000, 0x00000007c0000000)
  eden space 81920K, 100% used [0x0000000756500000,0x000000075b500000,0x000000075b500000)
  from space 13312K, 69% used [0x000000075b500000,0x000000075be08708,0x000000075c200000)
  to   space 13312K, 0% used [0x000000075e400000,0x000000075e400000,0x000000075f100000)
 ParOldGen       total 144896K, used 9163K [0x0000000682e00000, 0x000000068bb80000, 0x0000000756500000)
  object space 144896K, 6% used [0x0000000682e00000,0x00000006836f2c30,0x000000068bb80000)
 Metaspace       used 26464K, capacity 28320K, committed 28416K, reserved 1073152K
  class space    used 3472K, capacity 3824K, committed 3840K, reserved 1048576K
Event: 3.283 GC heap after
Heap after GC invocations=5 (full 1):
 PSYoungGen      total 130048K, used 13303K [0x0000000756500000, 0x000000075fb80000, 0x00000007c0000000)
  eden space 116736K, 0% used [0x0000000756500000,0x0000000756500000,0x000000075d700000)
  from space 13312K, 99% used [0x000000075e400000,0x000000075f0fdf60,0x000000075f100000)
  to   space 13312K, 0% used [0x000000075d700000,0x000000075d700000,0x000000075e400000)
 ParOldGen       total 144896K, used 10545K [0x0000000682e00000, 0x000000068bb80000, 0x0000000756500000)
  object space 144896K, 7% used [0x0000000682e00000,0x000000068384c710,0x000000068bb80000)
 Metaspace       used 26464K, capacity 28320K, committed 28416K, reserved 1073152K
  class space    used 3472K, capacity 3824K, committed 3840K, reserved 1048576K
}
Event: 4.121 GC heap before
{Heap before GC invocations=6 (full 1):
 PSYoungGen      total 130048K, used 130039K [0x0000000756500000, 0x000000075fb80000, 0x00000007c0000000)
  eden space 116736K, 100% used [0x0000000756500000,0x000000075d700000,0x000000075d700000)
  from space 13312K, 99% used [0x000000075e400000,0x000000075f0fdf60,0x000000075f100000)
  to   space 13312K, 0% used [0x000000075d700000,0x000000075d700000,0x000000075e400000)
 ParOldGen       total 144896K, used 10545K [0x0000000682e00000, 0x000000068bb80000, 0x0000000756500000)
  object space 144896K, 7% used [0x0000000682e00000,0x000000068384c710,0x000000068bb80000)
 Metaspace       used 30289K, capacity 32344K, committed 32640K, reserved 1077248K
  class space    used 4021K, capacity 4402K, committed 4480K, reserved 1048576K
Event: 4.128 GC heap after
Heap after GC invocations=6 (full 1):
 PSYoungGen      total 130048K, used 12165K [0x0000000756500000, 0x000000075fb80000, 0x00000007c0000000)
  eden space 116736K, 0% used [0x0000000756500000,0x0000000756500000,0x000000075d700000)
  from space 13312K, 91% used [0x000000075d700000,0x000000075e2e17c0,0x000000075e400000)
  to   space 13312K, 0% used [0x000000075e400000,0x000000075e400000,0x000000075f100000)
 ParOldGen       total 144896K, used 10553K [0x0000000682e00000, 0x000000068bb80000, 0x0000000756500000)
  object space 144896K, 7% used [0x0000000682e00000,0x000000068384e710,0x000000068bb80000)
 Metaspace       used 30289K, capacity 32344K, committed 32640K, reserved 1077248K
  class space    used 4021K, capacity 4402K, committed 4480K, reserved 1048576K
}
Event: 5.235 GC heap before
{Heap before GC invocations=7 (full 1):
 PSYoungGen      total 130048K, used 105902K [0x0000000756500000, 0x000000075fb80000, 0x00000007c0000000)
  eden space 116736K, 80% used [0x0000000756500000,0x000000075c08a1a0,0x000000075d700000)
  from space 13312K, 91% used [0x000000075d700000,0x000000075e2e17c0,0x000000075e400000)
  to   space 13312K, 0% used [0x000000075e400000,0x000000075e400000,0x000000075f100000)
 ParOldGen       total 144896K, used 10553K [0x0000000682e00000, 0x000000068bb80000, 0x0000000756500000)
  object space 144896K, 7% used [0x0000000682e00000,0x000000068384e710,0x000000068bb80000)
 Metaspace       used 33158K, capacity 35442K, committed 35496K, reserved 1079296K
  class space    used 4441K, capacity 4849K, committed 4864K, reserved 1048576K
Event: 5.247 GC heap after
Heap after GC invocations=7 (full 1):
 PSYoungGen      total 130048K, used 11612K [0x0000000756500000, 0x000000075fb80000, 0x00000007c0000000)
  eden space 116736K, 0% used [0x0000000756500000,0x0000000756500000,0x000000075d700000)
  from space 13312K, 87% used [0x000000075e400000,0x000000075ef57128,0x000000075f100000)
  to   space 13312K, 0% used [0x000000075d700000,0x000000075d700000,0x000000075e400000)
 ParOldGen       total 144896K, used 10561K [0x0000000682e00000, 0x000000068bb80000, 0x0000000756500000)
  object space 144896K, 7% used [0x0000000682e00000,0x0000000683850710,0x000000068bb80000)
 Metaspace       used 33158K, capacity 35442K, committed 35496K, reserved 1079296K
  class space    used 4441K, capacity 4849K, committed 4864K, reserved 1048576K
}
Event: 5.247 GC heap before
{Heap before GC invocations=8 (full 2):
 PSYoungGen      total 130048K, used 11612K [0x0000000756500000, 0x000000075fb80000, 0x00000007c0000000)
  eden space 116736K, 0% used [0x0000000756500000,0x0000000756500000,0x000000075d700000)
  from space 13312K, 87% used [0x000000075e400000,0x000000075ef57128,0x000000075f100000)
  to   space 13312K, 0% used [0x000000075d700000,0x000000075d700000,0x000000075e400000)
 ParOldGen       total 144896K, used 10561K [0x0000000682e00000, 0x000000068bb80000, 0x0000000756500000)
  object space 144896K, 7% used [0x0000000682e00000,0x0000000683850710,0x000000068bb80000)
 Metaspace       used 33158K, capacity 35442K, committed 35496K, reserved 1079296K
  class space    used 4441K, capacity 4849K, committed 4864K, reserved 1048576K
Event: 5.305 GC heap after
Heap after GC invocations=8 (full 2):
 PSYoungGen      total 130048K, used 0K [0x0000000756500000, 0x000000075fb80000, 0x00000007c0000000)
  eden space 116736K, 0% used [0x0000000756500000,0x0000000756500000,0x000000075d700000)
  from space 13312K, 0% used [0x000000075e400000,0x000000075e400000,0x000000075f100000)
  to   space 13312K, 0% used [0x000000075d700000,0x000000075d700000,0x000000075e400000)
 ParOldGen       total 144896K, used 16779K [0x0000000682e00000, 0x000000068bb80000, 0x0000000756500000)
  object space 144896K, 11% used [0x0000000682e00000,0x0000000683e62f18,0x000000068bb80000)
 Metaspace       used 33158K, capacity 35442K, committed 35496K, reserved 1079296K
  class space    used 4441K, capacity 4849K, committed 4864K, reserved 1048576K
}
Event: 6.347 GC heap before
{Heap before GC invocations=9 (full 2):
 PSYoungGen      total 130048K, used 116736K [0x0000000756500000, 0x000000075fb80000, 0x00000007c0000000)
  eden space 116736K, 100% used [0x0000000756500000,0x000000075d700000,0x000000075d700000)
  from space 13312K, 0% used [0x000000075e400000,0x000000075e400000,0x000000075f100000)
  to   space 13312K, 0% used [0x000000075d700000,0x000000075d700000,0x000000075e400000)
 ParOldGen       total 144896K, used 16779K [0x0000000682e00000, 0x000000068bb80000, 0x0000000756500000)
  object space 144896K, 11% used [0x0000000682e00000,0x0000000683e62f18,0x000000068bb80000)
 Metaspace       used 36519K, capacity 39528K, committed 39552K, reserved 1083392K
  class space    used 4959K, capacity 5488K, committed 5504K, reserved 1048576K
Event: 6.353 GC heap after
Heap after GC invocations=9 (full 2):
 PSYoungGen      total 130048K, used 6813K [0x0000000756500000, 0x000000075fb80000, 0x00000007c0000000)
  eden space 116736K, 0% used [0x0000000756500000,0x0000000756500000,0x000000075d700000)
  from space 13312K, 51% used [0x000000075d700000,0x000000075dda76e0,0x000000075e400000)
  to   space 13312K, 0% used [0x000000075e400000,0x000000075e400000,0x000000075f100000)
 ParOldGen       total 144896K, used 16787K [0x0000000682e00000, 0x000000068bb80000, 0x0000000756500000)
  object space 144896K, 11% used [0x0000000682e00000,0x0000000683e64f18,0x000000068bb80000)
 Metaspace       used 36519K, capacity 39528K, committed 39552K, reserved 1083392K
  class space    used 4959K, capacity 5488K, committed 5504K, reserved 1048576K
}

