# JRE version: Java(TM) SE Runtime Environment (8.0_101-b13) (build 1.8.0_101-b13)
# Java VM: Java HotSpot(TM) 64-Bit Server VM (25.101-b13 mixed mode windows-amd64 compressed oops)
Heap:
 PSYoungGen      total 177152K, used 42547K [0x0000000756500000, 0x0000000761f00000, 0x00000007c0000000)
  eden space 163840K, 17% used [0x0000000756500000,0x000000075818d530,0x0000000760500000)
  from space 13312K, 99% used [0x0000000761200000,0x0000000761eff9c0,0x0000000761f00000)
  to   space 13312K, 0% used [0x0000000760500000,0x0000000760500000,0x0000000761200000)
 ParOldGen       total 138240K, used 27323K [0x0000000682e00000, 0x000000068b500000, 0x0000000756500000)
  object space 138240K, 19% used [0x0000000682e00000,0x00000006848aef38,0x000000068b500000)
 Metaspace       used 48902K, capacity 52294K, committed 52736K, reserved 1095680K
  class space    used 6483K, capacity 7075K, committed 7168K, reserved 1048576K
GC Heap History (10 events):
Event: 4.507 GC heap before
{Heap before GC invocations=6 (full 1):
 PSYoungGen      total 177152K, used 63080K [0x0000000756500000, 0x0000000761f00000, 0x00000007c0000000)
  eden space 163840K, 30% used [0x0000000756500000,0x000000075959c1a8,0x0000000760500000)
  from space 13312K, 99% used [0x0000000761200000,0x0000000761efded8,0x0000000761f00000)
  to   space 13312K, 0% used [0x0000000760500000,0x0000000760500000,0x0000000761200000)
 ParOldGen       total 138240K, used 18049K [0x0000000682e00000, 0x000000068b500000, 0x0000000756500000)
  object space 138240K, 13% used [0x0000000682e00000,0x0000000683fa0750,0x000000068b500000)
 Metaspace       used 33138K, capacity 35438K, committed 35496K, reserved 1079296K
  class space    used 4432K, capacity 4849K, committed 4864K, reserved 1048576K
Event: 4.513 GC heap after
Heap after GC invocations=6 (full 1):
 PSYoungGen      total 177152K, used 10624K [0x0000000756500000, 0x0000000761f00000, 0x00000007c0000000)
  eden space 163840K, 0% used [0x0000000756500000,0x0000000756500000,0x0000000760500000)
  from space 13312K, 79% used [0x0000000760500000,0x0000000760f60020,0x0000000761200000)
  to   space 13312K, 0% used [0x0000000761200000,0x0000000761200000,0x0000000761f00000)
 ParOldGen       total 138240K, used 18057K [0x0000000682e00000, 0x000000068b500000, 0x0000000756500000)
  object space 138240K, 13% used [0x0000000682e00000,0x0000000683fa2750,0x000000068b500000)
 Metaspace       used 33138K, capacity 35438K, committed 35496K, reserved 1079296K
  class space    used 4432K, capacity 4849K, committed 4864K, reserved 1048576K
}
Event: 4.513 GC heap before
{Heap before GC invocations=7 (full 2):
 PSYoungGen      total 177152K, used 10624K [0x0000000756500000, 0x0000000761f00000, 0x00000007c0000000)
  eden space 163840K, 0% used [0x0000000756500000,0x0000000756500000,0x0000000760500000)
  from space 13312K, 79% used [0x0000000760500000,0x0000000760f60020,0x0000000761200000)
  to   space 13312K, 0% used [0x0000000761200000,0x0000000761200000,0x0000000761f00000)
 ParOldGen       total 138240K, used 18057K [0x0000000682e00000, 0x000000068b500000, 0x0000000756500000)
  object space 138240K, 13% used [0x0000000682e00000,0x0000000683fa2750,0x000000068b500000)
 Metaspace       used 33138K, capacity 35438K, committed 35496K, reserved 1079296K
  class space    used 4432K, capacity 4849K, committed 4864K, reserved 1048576K
Event: 4.559 GC heap after
Heap after GC invocations=7 (full 2):
 PSYoungGen      total 177152K, used 0K [0x0000000756500000, 0x0000000761f00000, 0x00000007c0000000)
  eden space 163840K, 0% used [0x0000000756500000,0x0000000756500000,0x0000000760500000)
  from space 13312K, 0% used [0x0000000760500000,0x0000000760500000,0x0000000761200000)
  to   space 13312K, 0% used [0x0000000761200000,0x0000000761200000,0x0000000761f00000)
 ParOldGen       total 138240K, used 15698K [0x0000000682e00000, 0x000000068b500000, 0x0000000756500000)
  object space 138240K, 11% used [0x0000000682e00000,0x0000000683d54860,0x000000068b500000)
 Metaspace       used 33138K, capacity 35438K, committed 35496K, reserved 1079296K
  class space    used 4432K, capacity 4849K, committed 4864K, reserved 1048576K
}
Event: 5.725 GC heap before
{Heap before GC invocations=8 (full 2):
 PSYoungGen      total 177152K, used 163840K [0x0000000756500000, 0x0000000761f00000, 0x00000007c0000000)
  eden space 163840K, 100% used [0x0000000756500000,0x0000000760500000,0x0000000760500000)
  from space 13312K, 0% used [0x0000000760500000,0x0000000760500000,0x0000000761200000)
  to   space 13312K, 0% used [0x0000000761200000,0x0000000761200000,0x0000000761f00000)
 ParOldGen       total 138240K, used 15698K [0x0000000682e00000, 0x000000068b500000, 0x0000000756500000)
  object space 138240K, 11% used [0x0000000682e00000,0x0000000683d54860,0x000000068b500000)
 Metaspace       used 37715K, capacity 40900K, committed 41088K, reserved 1085440K
  class space    used 5114K, capacity 5664K, committed 5760K, reserved 1048576K
Event: 5.731 GC heap after
Heap after GC invocations=8 (full 2):
 PSYoungGen      total 177152K, used 9208K [0x0000000756500000, 0x0000000761f00000, 0x00000007c0000000)
  eden space 163840K, 0% used [0x0000000756500000,0x0000000756500000,0x0000000760500000)
  from space 13312K, 69% used [0x0000000761200000,0x0000000761afe1d8,0x0000000761f00000)
  to   space 13312K, 0% used [0x0000000760500000,0x0000000760500000,0x0000000761200000)
 ParOldGen       total 138240K, used 15706K [0x0000000682e00000, 0x000000068b500000, 0x0000000756500000)
  object space 138240K, 11% used [0x0000000682e00000,0x0000000683d56860,0x000000068b500000)
 Metaspace       used 37715K, capacity 40900K, committed 41088K, reserved 1085440K
  class space    used 5114K, capacity 5664K, committed 5760K, reserved 1048576K
}
Event: 7.127 GC heap before
{Heap before GC invocations=9 (full 2):
 PSYoungGen      total 177152K, used 173048K [0x0000000756500000, 0x0000000761f00000, 0x00000007c0000000)
  eden space 163840K, 100% used [0x0000000756500000,0x0000000760500000,0x0000000760500000)
  from space 13312K, 69% used [0x0000000761200000,0x0000000761afe1d8,0x0000000761f00000)
  to   space 13312K, 0% used [0x0000000760500000,0x0000000760500000,0x0000000761200000)
 ParOldGen       total 138240K, used 15706K [0x0000000682e00000, 0x000000068b500000, 0x0000000756500000)
  object space 138240K, 11% used [0x0000000682e00000,0x0000000683d56860,0x000000068b500000)
 Metaspace       used 46030K, capacity 49380K, committed 49536K, reserved 1091584K
  class space    used 6138K, capacity 6712K, committed 6784K, reserved 1048576K
Event: 7.142 GC heap after
Heap after GC invocations=9 (full 2):
 PSYoungGen      total 177152K, used 13310K [0x0000000756500000, 0x0000000761f00000, 0x00000007c0000000)
  eden space 163840K, 0% used [0x0000000756500000,0x0000000756500000,0x0000000760500000)
  from space 13312K, 99% used [0x0000000760500000,0x00000007611ff9e0,0x0000000761200000)
  to   space 13312K, 0% used [0x0000000761200000,0x0000000761200000,0x0000000761f00000)
 ParOldGen       total 138240K, used 20810K [0x0000000682e00000, 0x000000068b500000, 0x0000000756500000)
  object space 138240K, 15% used [0x0000000682e00000,0x0000000684252aa0,0x000000068b500000)
 Metaspace       used 46030K, capacity 49380K, committed 49536K, reserved 1091584K
  class space    used 6138K, capacity 6712K, committed 6784K, reserved 1048576K
}
Event: 7.644 GC heap before
{Heap before GC invocations=10 (full 2):
 PSYoungGen      total 177152K, used 177150K [0x0000000756500000, 0x0000000761f00000, 0x00000007c0000000)
  eden space 163840K, 100% used [0x0000000756500000,0x0000000760500000,0x0000000760500000)
  from space 13312K, 99% used [0x0000000760500000,0x00000007611ff9e0,0x0000000761200000)
  to   space 13312K, 0% used [0x0000000761200000,0x0000000761200000,0x0000000761f00000)
 ParOldGen       total 138240K, used 20810K [0x0000000682e00000, 0x000000068b500000, 0x0000000756500000)
  object space 138240K, 15% used [0x0000000682e00000,0x0000000684252aa0,0x000000068b500000)
 Metaspace       used 48670K, capacity 52028K, committed 52352K, reserved 1095680K
  class space    used 6437K, capacity 7036K, committed 7040K, reserved 1048576K
Event: 7.653 GC heap after
Heap after GC invocations=10 (full 2):
 PSYoungGen      total 177152K, used 13310K [0x0000000756500000, 0x0000000761f00000, 0x00000007c0000000)
  eden space 163840K, 0% used [0x0000000756500000,0x0000000756500000,0x0000000760500000)
  from space 13312K, 99% used [0x0000000761200000,0x0000000761eff9c0,0x0000000761f00000)
  to   space 13312K, 0% used [0x0000000760500000,0x0000000760500000,0x0000000761200000)
 ParOldGen       total 138240K, used 27323K [0x0000000682e00000, 0x000000068b500000, 0x0000000756500000)
  object space 138240K, 19% used [0x0000000682e00000,0x00000006848aef38,0x000000068b500000)
 Metaspace       used 48670K, capacity 52028K, committed 52352K, reserved 1095680K
  class space    used 6437K, capacity 7036K, committed 7040K, reserved 1048576K
}

